[2023-07-07 15:11:27.998]     0 1234123412341234 0987098709870987    1238761,23      12387,61 RUB   SUCCESS
[2023-07-07 16:48:35.963]     0 1234123412341234 0987098709870987       1231,23         12,31 rubbles SUCCESS
[2023-07-07 16:48:36.129]     1 1234123412341234 0987098709870987       1231,23         12,31 rubbles SUCCESS
[2023-07-07 16:50:16.530]     0 1234123412341234 0987098709870987       1231,23         12,31 rubbles SUCCESS
[2023-07-07 16:50:16.678]     1 1234123412341234 0987098709870987       1231,23         12,31 rubbles SUCCESS
[2023-07-07 16:57:50.288]     0 1234123412341234 0987098709870987       1231,23         12,31 rubbles SUCCESS
[2023-07-07 16:57:50.488]     1 1234123412341234 0987098709870987       1231,23         12,31 rubbles SUCCESS
[2023-07-07 16:59:10.124]     0 1234123412341234 0987098709870987       1231,23         12,31 rubbles SUCCESS
[2023-07-07 16:59:10.306]     1 1234123412341234 0987098709870987       1231,23         12,31 rubbles SUCCESS
[2023-07-07 17:00:24.005]     0 1234123412341234 0987098709870987       1231,23         12,31 rubbles SUCCESS
[2023-07-07 17:00:24.191]     1 1234123412341234 0987098709870987       1231,23         12,31 rubbles SUCCESS
[2023-07-07 17:06:07.041]     0 1234123412341234 0987098709870987       1231,23         12,31 rubbles SUCCESS
[2023-07-07 17:06:07.237]     1 1234123412341234 0987098709870987       1231,23         12,31 rubbles SUCCESS
[2023-07-07 17:07:18.990]     0 1234123412341234 0987098709870987       1231,23         12,31 rubbles SUCCESS
[2023-07-07 17:07:19.178]     1 1234123412341234 0987098709870987       1231,23         12,31 rubbles SUCCESS
[2023-07-07 17:09:56.886]     0 1234123412341234 0987098709870987       1231,23         12,31 rubbles SUCCESS
[2023-07-07 17:09:57.052]     1 1234123412341234 0987098709870987       1231,23         12,31 rubbles SUCCESS
[2023-07-07 17:13:47.093]     0 1234123412341234 0987098709870987       1231,23         12,31 rubbles SUCCESS
[2023-07-07 17:13:47.290]     1 1234123412341234 0987098709870987       1231,23         12,31 rubbles SUCCESS
[2023-07-07 17:17:44.136]     0 1234123412341234 0987098709870987       1231,23         12,31 rubbles SUCCESS
[2023-07-07 17:17:44.321]     1 1234123412341234 0987098709870987       1231,23         12,31 rubbles SUCCESS
[2023-07-07 17:21:45.935]     0 1234123412341234 0987098709870987       1231,23         12,31 rubbles SUCCESS
[2023-07-07 17:21:46.121]     1 1234123412341234 0987098709870987       1231,23         12,31 rubbles SUCCESS
[2023-07-07 17:30:35.358]     0 1234123412341234 0987098709870987       1231,23         12,31 rubbles SUCCESS
[2023-07-07 17:30:35.554]     1 1234123412341234 0987098709870987       1231,23         12,31 rubbles SUCCESS
[2023-07-07 17:31:20.677]     0 1234123412341234 0987098709870987       1231,23         12,31 rubbles SUCCESS
[2023-07-07 17:31:20.862]     1 1234123412341234 0987098709870987       1231,23         12,31 rubbles SUCCESS
[2023-07-07 17:54:53.284]     1 1234123412341234 0987098709870987       1231,23         12,31 rubbles SUCCESS
[2023-07-07 17:59:27.755]     1 1234123412341234 0987098709870987       1231,23         12,31 rubbles SUCCESS
[2023-07-07 18:09:17.391]     1 1234123412341234 0987098709870987       1231,23         12,31 rubbles SUCCESS
[2023-07-07 18:13:47.487]     0 1234123412341234 0987098709870987       1231,23         12,31 rubbles SUCCESS
[2023-07-07 18:13:47.504]     1 1234123412341234 0987098709870987       1231,23         12,31 rubbles SUCCESS
